  Building 'Twilight_CRE' with toolset 'WindowsKernelModeDriver10.0' and the 'Universal' target platform.
  Stamping x64\Release\Twilight_CRE.inf
  Stamping [Version] section with DriverVer=08/14/2024,9.0.28.257
  Entry.c
C:\Program Files (x86)\Microsoft Visual Studio\2019\Professional\VC\Tools\MSVC\14.29.30133\include\vcruntime.h(61,26): warning C4083: expected ')'; found identifier '_VCRUNTIME_DISABLED_WARNINGS'
C:\Program Files (x86)\Microsoft Visual Studio\2019\Professional\VC\Tools\MSVC\14.29.30133\include\vcruntime.h(111,1): warning C4005: '_CRT_STRINGIZE': macro redefinition
C:\Program Files (x86)\Windows Kits\10\Include\10.0.18362.0\km\crt\crtdefs.h(85): message : see previous definition of '_CRT_STRINGIZE'
C:\Program Files (x86)\Microsoft Visual Studio\2019\Professional\VC\Tools\MSVC\14.29.30133\include\vcruntime.h(114,1): warning C4005: '_CRT_WIDE': macro redefinition
C:\Program Files (x86)\Windows Kits\10\Include\10.0.18362.0\km\crt\crtdefs.h(88): message : see previous definition of '_CRT_WIDE'
C:\Program Files (x86)\Microsoft Visual Studio\2019\Professional\VC\Tools\MSVC\14.29.30133\include\vcruntime.h(155,1): warning C4005: '__CRTDECL': macro redefinition
C:\Program Files (x86)\Windows Kits\10\Include\10.0.18362.0\km\crt\crtdefs.h(640): message : see previous definition of '__CRTDECL'
C:\Program Files (x86)\Microsoft Visual Studio\2019\Professional\VC\Tools\MSVC\14.29.30133\include\stdint.h(16,26): warning C4083: expected ')'; found identifier '_VCRUNTIME_DISABLED_WARNINGS'
C:\Users\BzMus\source\repos\Twilight_CRE\Twilight_CRE\SHA256.hpp(176,32): warning C4242: '=': conversion from 'uint64_t' to 'uint8_t', possible loss of data
C:\Users\BzMus\source\repos\Twilight_CRE\Twilight_CRE\SHA256.hpp(177,37): warning C4242: '=': conversion from 'uint64_t' to 'uint8_t', possible loss of data
C:\Users\BzMus\source\repos\Twilight_CRE\Twilight_CRE\SHA256.hpp(178,38): warning C4242: '=': conversion from 'uint64_t' to 'uint8_t', possible loss of data
C:\Users\BzMus\source\repos\Twilight_CRE\Twilight_CRE\SHA256.hpp(179,38): warning C4242: '=': conversion from 'uint64_t' to 'uint8_t', possible loss of data
C:\Users\BzMus\source\repos\Twilight_CRE\Twilight_CRE\SHA256.hpp(180,38): warning C4242: '=': conversion from 'uint64_t' to 'uint8_t', possible loss of data
C:\Users\BzMus\source\repos\Twilight_CRE\Twilight_CRE\SHA256.hpp(181,38): warning C4242: '=': conversion from 'uint64_t' to 'uint8_t', possible loss of data
C:\Users\BzMus\source\repos\Twilight_CRE\Twilight_CRE\SHA256.hpp(182,38): warning C4242: '=': conversion from 'uint64_t' to 'uint8_t', possible loss of data
C:\Users\BzMus\source\repos\Twilight_CRE\Twilight_CRE\includes.hpp(32,10): fatal error C1083: Cannot open include file: 'AES.hpp': No such file or directory
  virtualization.c
C:\Program Files (x86)\Microsoft Visual Studio\2019\Professional\VC\Tools\MSVC\14.29.30133\include\vcruntime.h(61,26): warning C4083: expected ')'; found identifier '_VCRUNTIME_DISABLED_WARNINGS'
C:\Program Files (x86)\Microsoft Visual Studio\2019\Professional\VC\Tools\MSVC\14.29.30133\include\vcruntime.h(111,1): warning C4005: '_CRT_STRINGIZE': macro redefinition
C:\Program Files (x86)\Windows Kits\10\Include\10.0.18362.0\km\crt\crtdefs.h(85): message : see previous definition of '_CRT_STRINGIZE'
C:\Program Files (x86)\Microsoft Visual Studio\2019\Professional\VC\Tools\MSVC\14.29.30133\include\vcruntime.h(114,1): warning C4005: '_CRT_WIDE': macro redefinition
C:\Program Files (x86)\Windows Kits\10\Include\10.0.18362.0\km\crt\crtdefs.h(88): message : see previous definition of '_CRT_WIDE'
C:\Program Files (x86)\Microsoft Visual Studio\2019\Professional\VC\Tools\MSVC\14.29.30133\include\vcruntime.h(155,1): warning C4005: '__CRTDECL': macro redefinition
C:\Program Files (x86)\Windows Kits\10\Include\10.0.18362.0\km\crt\crtdefs.h(640): message : see previous definition of '__CRTDECL'
C:\Program Files (x86)\Microsoft Visual Studio\2019\Professional\VC\Tools\MSVC\14.29.30133\include\stdint.h(16,26): warning C4083: expected ')'; found identifier '_VCRUNTIME_DISABLED_WARNINGS'
C:\Users\BzMus\source\repos\Twilight_CRE\Twilight_CRE\SHA256.hpp(176,32): warning C4242: '=': conversion from 'uint64_t' to 'uint8_t', possible loss of data
C:\Users\BzMus\source\repos\Twilight_CRE\Twilight_CRE\SHA256.hpp(177,37): warning C4242: '=': conversion from 'uint64_t' to 'uint8_t', possible loss of data
C:\Users\BzMus\source\repos\Twilight_CRE\Twilight_CRE\SHA256.hpp(178,38): warning C4242: '=': conversion from 'uint64_t' to 'uint8_t', possible loss of data
C:\Users\BzMus\source\repos\Twilight_CRE\Twilight_CRE\SHA256.hpp(179,38): warning C4242: '=': conversion from 'uint64_t' to 'uint8_t', possible loss of data
C:\Users\BzMus\source\repos\Twilight_CRE\Twilight_CRE\SHA256.hpp(180,38): warning C4242: '=': conversion from 'uint64_t' to 'uint8_t', possible loss of data
C:\Users\BzMus\source\repos\Twilight_CRE\Twilight_CRE\SHA256.hpp(181,38): warning C4242: '=': conversion from 'uint64_t' to 'uint8_t', possible loss of data
C:\Users\BzMus\source\repos\Twilight_CRE\Twilight_CRE\SHA256.hpp(182,38): warning C4242: '=': conversion from 'uint64_t' to 'uint8_t', possible loss of data
C:\Users\BzMus\source\repos\Twilight_CRE\Twilight_CRE\includes.hpp(32,10): fatal error C1083: Cannot open include file: 'AES.hpp': No such file or directory
  Generating Code...
